1
                 Chemistry at HARvard Macromolecular Mechanics
                (CHARMM) - Free Version 45b1     August 15, 2020                
                            Git commit ID 8fffd7032                             
       Copyright(c) 1984-2020  President and Fellows of Harvard College
                              All Rights Reserved
   Current operating system: Linux-5.13.0-35-generic(x86_64)@simtech-nbl-020    
                 Created on  5/19/23 at 19:41:44 by user: ac127777    

            Maximum number of ATOMS:    360720, and RESidues:      120240
 RDTITL> PRNLEV 5 NODE 0
 RDTITL> No title read.

      ***** LEVEL  1 WARNING FROM <RDTITL> *****
      ***** Title expected.
      ******************************************
      BOMLEV (  0) IS NOT REACHED. WRNLEV IS  5

  
 CHARMM>    prnlev 5 node 0
  
 CHARMM>    bomlev -1
  
 CHARMM>     
  
 CHARMM>    !************************************************************
 CHARMM>    !
 CHARMM>    ! Read the parameter files
 CHARMM>    !
 CHARMM>    !************************************************************
 CHARMM>     
  
 CHARMM>    read rtf card name top_all36_cgenff.rtf
 VOPEN> Attempting to open::top_all36_cgenff.rtf::
 MAINIO> Residue topology file being read from unit  90.
 TITLE> *  --------------------------------------------------------------------------  *
 TITLE> *          CGENFF: TOPOLOGY FOR THE CHARMM GENERAL FORCE FIELD V. 4.4          *
 TITLE> *                    FOR SMALL MOLECULE DRUG DESIGN                            *
 TITLE> *  --------------------------------------------------------------------------  *
 TITLE> *

 DRUDES PARTICLES WILL BE GENERATED AUTOMATICALLY FOR ALL ATOMS WITH NON-ZERO ALPHA
 Thole-type dipole screening, Slater-Delta shape {S(u) = 1 - (1+u/2)*exp(-u)}, default radius =  1.300000
 VCLOSE: Closing unit   90 with status "KEEP"
  
 CHARMM>     
  
 CHARMM>    read para card flex name par_all36_cgenff.prm
 VOPEN> Attempting to open::par_all36_cgenff.prm::

          PARAMETER FILE BEING READ FROM UNIT 90
 TITLE> *  --------------------------------------------------------------------------  *
 TITLE> *         CGENFF: PARAMETERS FOR THE CHARMM GENERAL FORCE FIELD V. 4.4         *
 TITLE> *                    FOR SMALL MOLECULE DRUG DESIGN                            *
 TITLE> *  --------------------------------------------------------------------------  *
 TITLE> *  2017/8: IF PROTEIN, NUCLEIC ACID AND CARBOHYDRATE TOPOLOGY AND PARAMETER FILES
 TITLE> *  ARE NOT READ PRIOR TO THE CGENFF FILES "WARNING: ATOMS IN NBFIX ' errors will
 TITLE> *  BE ENCOUNTERED.  THESE CAN BE PASSED BY SETTING BOMLEV ( -2) PRIOR TO READING
 TITLE> *  THIS FILE. IN ADDITION, WHEN GENERATING AROMATIC HALOGENS (CL, BR, I) WITH
 TITLE> *  PRE C41B/C42A VERSIONS OF CHARMM "MISSING PARAMETER" ERRORS WILL BE
 TITLE> *  ENCOUNTERED THAT ALSO REQUIRE SETTING BOMLEV ( -2).
 TITLE> *

      ***** LEVEL  0 WARNING FROM <PARRDR> *****
      ***** NO MATCH FOR NBFIX
      ******************************************
      BOMLEV ( -1) IS NOT REACHED. WRNLEV IS  5

 PARRDR> WARNING: ATOMS IN NBFIX NH2  CLGR   -0.40000   3.88000 DONT EXIST

      ***** LEVEL  0 WARNING FROM <PARRDR> *****
      ***** NO MATCH FOR NBFIX
      ******************************************
      BOMLEV ( -1) IS NOT REACHED. WRNLEV IS  5

 PARRDR> WARNING: ATOMS IN NBFIX NH1  CLGR   -0.40000   3.88000 DONT EXIST

      ***** LEVEL  0 WARNING FROM <PARRDR> *****
      ***** NO MATCH FOR NBFIX
      ******************************************
      BOMLEV ( -1) IS NOT REACHED. WRNLEV IS  5

 PARRDR> WARNING: ATOMS IN NBFIX NR2  CLGR   -0.46000   3.42000 DONT EXIST

      ***** LEVEL  0 WARNING FROM <PARRDR> *****
      ***** NO MATCH FOR NBFIX
      ******************************************
      BOMLEV ( -1) IS NOT REACHED. WRNLEV IS  5

 PARRDR> WARNING: ATOMS IN NBFIX NR1  CLGR   -0.48000   3.75000 DONT EXIST

      ***** LEVEL  0 WARNING FROM <PARRDR> *****
      ***** NO MATCH FOR NBFIX
      ******************************************
      BOMLEV ( -1) IS NOT REACHED. WRNLEV IS  5

 PARRDR> WARNING: ATOMS IN NBFIX NY   CLGR   -0.48000   3.75000 DONT EXIST

      ***** LEVEL  0 WARNING FROM <PARRDR> *****
      ***** NO MATCH FOR NBFIX
      ******************************************
      BOMLEV ( -1) IS NOT REACHED. WRNLEV IS  5

 PARRDR> WARNING: ATOMS IN NBFIX NH3  CLGR   -3.60000   3.18000 DONT EXIST

      ***** LEVEL  0 WARNING FROM <PARRDR> *****
      ***** NO MATCH FOR NBFIX
      ******************************************
      BOMLEV ( -1) IS NOT REACHED. WRNLEV IS  5

 PARRDR> WARNING: ATOMS IN NBFIX NC2  CLGR   -1.05000   3.50000 DONT EXIST

      ***** LEVEL  0 WARNING FROM <PARRDR> *****
      ***** NO MATCH FOR NBFIX
      ******************************************
      BOMLEV ( -1) IS NOT REACHED. WRNLEV IS  5

 PARRDR> WARNING: ATOMS IN NBFIX O    CLGR   -0.20000   3.40000 DONT EXIST

      ***** LEVEL  0 WARNING FROM <PARRDR> *****
      ***** NO MATCH FOR NBFIX
      ******************************************
      BOMLEV ( -1) IS NOT REACHED. WRNLEV IS  5

 PARRDR> WARNING: ATOMS IN NBFIX OC   CLGR   -2.50000   2.80000 DONT EXIST

      ***** LEVEL  0 WARNING FROM <PARRDR> *****
      ***** NO MATCH FOR NBFIX
      ******************************************
      BOMLEV ( -1) IS NOT REACHED. WRNLEV IS  5

 PARRDR> WARNING: ATOMS IN NBFIX S    CLGR   -0.38000   3.83000 DONT EXIST

      ***** LEVEL  0 WARNING FROM <PARRDR> *****
      ***** NO MATCH FOR NBFIX
      ******************************************
      BOMLEV ( -1) IS NOT REACHED. WRNLEV IS  5

 PARRDR> WARNING: ATOMS IN NBFIX HS   CLGR   -0.20000   2.82000 DONT EXIST

      ***** LEVEL  0 WARNING FROM <PARRDR> *****
      ***** NO MATCH FOR NBFIX
      ******************************************
      BOMLEV ( -1) IS NOT REACHED. WRNLEV IS  5

 PARRDR> WARNING: ATOMS IN NBFIX NH2  BRGR   -0.30000   4.05000 DONT EXIST

      ***** LEVEL  0 WARNING FROM <PARRDR> *****
      ***** NO MATCH FOR NBFIX
      ******************************************
      BOMLEV ( -1) IS NOT REACHED. WRNLEV IS  5

 PARRDR> WARNING: ATOMS IN NBFIX NH1  BRGR   -0.30000   4.02000 DONT EXIST

      ***** LEVEL  0 WARNING FROM <PARRDR> *****
      ***** NO MATCH FOR NBFIX
      ******************************************
      BOMLEV ( -1) IS NOT REACHED. WRNLEV IS  5

 PARRDR> WARNING: ATOMS IN NBFIX O    BRGR   -0.27000   3.52000 DONT EXIST

      ***** LEVEL  0 WARNING FROM <PARRDR> *****
      ***** NO MATCH FOR NBFIX
      ******************************************
      BOMLEV ( -1) IS NOT REACHED. WRNLEV IS  5

 PARRDR> WARNING: ATOMS IN NBFIX NR2  BRGR   -0.22000   3.61000 DONT EXIST

      ***** LEVEL  0 WARNING FROM <PARRDR> *****
      ***** NO MATCH FOR NBFIX
      ******************************************
      BOMLEV ( -1) IS NOT REACHED. WRNLEV IS  5

 PARRDR> WARNING: ATOMS IN NBFIX NR1  BRGR   -0.72000   3.80000 DONT EXIST

      ***** LEVEL  0 WARNING FROM <PARRDR> *****
      ***** NO MATCH FOR NBFIX
      ******************************************
      BOMLEV ( -1) IS NOT REACHED. WRNLEV IS  5

 PARRDR> WARNING: ATOMS IN NBFIX NY   BRGR   -0.72000   3.80000 DONT EXIST

      ***** LEVEL  0 WARNING FROM <PARRDR> *****
      ***** NO MATCH FOR NBFIX
      ******************************************
      BOMLEV ( -1) IS NOT REACHED. WRNLEV IS  5

 PARRDR> WARNING: ATOMS IN NBFIX NH3  BRGR   -3.65000   3.33000 DONT EXIST

      ***** LEVEL  0 WARNING FROM <PARRDR> *****
      ***** NO MATCH FOR NBFIX
      ******************************************
      BOMLEV ( -1) IS NOT REACHED. WRNLEV IS  5

 PARRDR> WARNING: ATOMS IN NBFIX NC2  BRGR   -1.10000   3.66000 DONT EXIST

      ***** LEVEL  0 WARNING FROM <PARRDR> *****
      ***** NO MATCH FOR NBFIX
      ******************************************
      BOMLEV ( -1) IS NOT REACHED. WRNLEV IS  5

 PARRDR> WARNING: ATOMS IN NBFIX OC   BRGR   -1.25000   2.98000 DONT EXIST

      ***** LEVEL  0 WARNING FROM <PARRDR> *****
      ***** NO MATCH FOR NBFIX
      ******************************************
      BOMLEV ( -1) IS NOT REACHED. WRNLEV IS  5

 PARRDR> WARNING: ATOMS IN NBFIX OC2D CLGR   -0.20000   3.40000 DONT EXIST

      ***** LEVEL  0 WARNING FROM <PARRDR> *****
      ***** NO MATCH FOR NBFIX
      ******************************************
      BOMLEV ( -1) IS NOT REACHED. WRNLEV IS  5

 PARRDR> WARNING: ATOMS IN NBFIX OC2D CLGR   -2.50000   2.80000 DONT EXIST

      ***** LEVEL  0 WARNING FROM <PARRDR> *****
      ***** NO MATCH FOR NBFIX
      ******************************************
      BOMLEV ( -1) IS NOT REACHED. WRNLEV IS  5

 PARRDR> WARNING: ATOMS IN NBFIX OC2D CLGR   -0.20000   3.40000 DONT EXIST

      ***** LEVEL  0 WARNING FROM <PARRDR> *****
      ***** NO MATCH FOR NBFIX
      ******************************************
      BOMLEV ( -1) IS NOT REACHED. WRNLEV IS  5

 PARRDR> WARNING: ATOMS IN NBFIX OC2D CLGR   -0.20000   3.40000 DONT EXIST

      ***** LEVEL  0 WARNING FROM <PARRDR> *****
      ***** NO MATCH FOR NBFIX
      ******************************************
      BOMLEV ( -1) IS NOT REACHED. WRNLEV IS  5

 PARRDR> WARNING: ATOMS IN NBFIX OC2D BRGR   -1.25000   2.98000 DONT EXIST

      ***** LEVEL  0 WARNING FROM <PARRDR> *****
      ***** NO MATCH FOR NBFIX
      ******************************************
      BOMLEV ( -1) IS NOT REACHED. WRNLEV IS  5

 PARRDR> WARNING: ATOMS IN NBFIX OC2D BRGR   -0.27000   3.52000 DONT EXIST

      ***** LEVEL  0 WARNING FROM <PARRDR> *****
      ***** NO MATCH FOR NBFIX
      ******************************************
      BOMLEV ( -1) IS NOT REACHED. WRNLEV IS  5

 PARRDR> WARNING: ATOMS IN NBFIX OC2D BRGR   -0.27000   3.52000 DONT EXIST

      ***** LEVEL  0 WARNING FROM <PARRDR> *****
      ***** NO MATCH FOR NBFIX
      ******************************************
      BOMLEV ( -1) IS NOT REACHED. WRNLEV IS  5

 PARRDR> WARNING: ATOMS IN NBFIX OBL  CLGR   -0.20000   3.40000 DONT EXIST

      ***** LEVEL  0 WARNING FROM <PARRDR> *****
      ***** NO MATCH FOR NBFIX
      ******************************************
      BOMLEV ( -1) IS NOT REACHED. WRNLEV IS  5

 PARRDR> WARNING: ATOMS IN NBFIX NH3L CLGR   -3.60000   3.18000 DONT EXIST

      ***** LEVEL  0 WARNING FROM <PARRDR> *****
      ***** NO MATCH FOR NBFIX
      ******************************************
      BOMLEV ( -1) IS NOT REACHED. WRNLEV IS  5

 PARRDR> WARNING: ATOMS IN NBFIX OCL  CLGR   -2.50000   2.80000 DONT EXIST

      ***** LEVEL  0 WARNING FROM <PARRDR> *****
      ***** NO MATCH FOR NBFIX
      ******************************************
      BOMLEV ( -1) IS NOT REACHED. WRNLEV IS  5

 PARRDR> WARNING: ATOMS IN NBFIX OBL  BRGR   -0.27000   3.52000 DONT EXIST

      ***** LEVEL  0 WARNING FROM <PARRDR> *****
      ***** NO MATCH FOR NBFIX
      ******************************************
      BOMLEV ( -1) IS NOT REACHED. WRNLEV IS  5

 PARRDR> WARNING: ATOMS IN NBFIX NH3L BRGR   -3.65000   3.33000 DONT EXIST

      ***** LEVEL  0 WARNING FROM <PARRDR> *****
      ***** NO MATCH FOR NBFIX
      ******************************************
      BOMLEV ( -1) IS NOT REACHED. WRNLEV IS  5

 PARRDR> WARNING: ATOMS IN NBFIX OCL  BRGR   -1.25000   2.98000 DONT EXIST

      ***** LEVEL  0 WARNING FROM <PARRDR> *****
      ***** NO MATCH FOR NBFIX
      ******************************************
      BOMLEV ( -1) IS NOT REACHED. WRNLEV IS  5

 PARRDR> WARNING: ATOMS IN NBFIX NN1  CLGR   -0.40000   3.88000 DONT EXIST

      ***** LEVEL  0 WARNING FROM <PARRDR> *****
      ***** NO MATCH FOR NBFIX
      ******************************************
      BOMLEV ( -1) IS NOT REACHED. WRNLEV IS  5

 PARRDR> WARNING: ATOMS IN NBFIX NN2  CLGR   -0.48000   3.75000 DONT EXIST

      ***** LEVEL  0 WARNING FROM <PARRDR> *****
      ***** NO MATCH FOR NBFIX
      ******************************************
      BOMLEV ( -1) IS NOT REACHED. WRNLEV IS  5

 PARRDR> WARNING: ATOMS IN NBFIX NN2U CLGR   -0.48000   3.75000 DONT EXIST

      ***** LEVEL  0 WARNING FROM <PARRDR> *****
      ***** NO MATCH FOR NBFIX
      ******************************************
      BOMLEV ( -1) IS NOT REACHED. WRNLEV IS  5

 PARRDR> WARNING: ATOMS IN NBFIX NN2G CLGR   -0.48000   3.75000 DONT EXIST

      ***** LEVEL  0 WARNING FROM <PARRDR> *****
      ***** NO MATCH FOR NBFIX
      ******************************************
      BOMLEV ( -1) IS NOT REACHED. WRNLEV IS  5

 PARRDR> WARNING: ATOMS IN NBFIX NN3  CLGR   -0.46000   3.42000 DONT EXIST

      ***** LEVEL  0 WARNING FROM <PARRDR> *****
      ***** NO MATCH FOR NBFIX
      ******************************************
      BOMLEV ( -1) IS NOT REACHED. WRNLEV IS  5

 PARRDR> WARNING: ATOMS IN NBFIX NN3A CLGR   -0.46000   3.42000 DONT EXIST

      ***** LEVEL  0 WARNING FROM <PARRDR> *****
      ***** NO MATCH FOR NBFIX
      ******************************************
      BOMLEV ( -1) IS NOT REACHED. WRNLEV IS  5

 PARRDR> WARNING: ATOMS IN NBFIX NN3G CLGR   -0.46000   3.42000 DONT EXIST

      ***** LEVEL  0 WARNING FROM <PARRDR> *****
      ***** NO MATCH FOR NBFIX
      ******************************************
      BOMLEV ( -1) IS NOT REACHED. WRNLEV IS  5

 PARRDR> WARNING: ATOMS IN NBFIX NN4  CLGR   -0.46000   3.42000 DONT EXIST

      ***** LEVEL  0 WARNING FROM <PARRDR> *****
      ***** NO MATCH FOR NBFIX
      ******************************************
      BOMLEV ( -1) IS NOT REACHED. WRNLEV IS  5

 PARRDR> WARNING: ATOMS IN NBFIX ON1  CLGR   -0.20000   3.40000 DONT EXIST

      ***** LEVEL  0 WARNING FROM <PARRDR> *****
      ***** NO MATCH FOR NBFIX
      ******************************************
      BOMLEV ( -1) IS NOT REACHED. WRNLEV IS  5

 PARRDR> WARNING: ATOMS IN NBFIX ON1C CLGR   -0.20000   3.40000 DONT EXIST

      ***** LEVEL  0 WARNING FROM <PARRDR> *****
      ***** NO MATCH FOR NBFIX
      ******************************************
      BOMLEV ( -1) IS NOT REACHED. WRNLEV IS  5

 PARRDR> WARNING: ATOMS IN NBFIX NN1  BRGR   -0.30000   4.05000 DONT EXIST

      ***** LEVEL  0 WARNING FROM <PARRDR> *****
      ***** NO MATCH FOR NBFIX
      ******************************************
      BOMLEV ( -1) IS NOT REACHED. WRNLEV IS  5

 PARRDR> WARNING: ATOMS IN NBFIX NN2  BRGR   -0.72000   3.80000 DONT EXIST

      ***** LEVEL  0 WARNING FROM <PARRDR> *****
      ***** NO MATCH FOR NBFIX
      ******************************************
      BOMLEV ( -1) IS NOT REACHED. WRNLEV IS  5

 PARRDR> WARNING: ATOMS IN NBFIX NN2U BRGR   -0.72000   3.80000 DONT EXIST

      ***** LEVEL  0 WARNING FROM <PARRDR> *****
      ***** NO MATCH FOR NBFIX
      ******************************************
      BOMLEV ( -1) IS NOT REACHED. WRNLEV IS  5

 PARRDR> WARNING: ATOMS IN NBFIX NN2G BRGR   -0.72000   3.80000 DONT EXIST

      ***** LEVEL  0 WARNING FROM <PARRDR> *****
      ***** NO MATCH FOR NBFIX
      ******************************************
      BOMLEV ( -1) IS NOT REACHED. WRNLEV IS  5

 PARRDR> WARNING: ATOMS IN NBFIX NN3  BRGR   -0.22000   3.61000 DONT EXIST

      ***** LEVEL  0 WARNING FROM <PARRDR> *****
      ***** NO MATCH FOR NBFIX
      ******************************************
      BOMLEV ( -1) IS NOT REACHED. WRNLEV IS  5

 PARRDR> WARNING: ATOMS IN NBFIX NN3A BRGR   -0.22000   3.61000 DONT EXIST

      ***** LEVEL  0 WARNING FROM <PARRDR> *****
      ***** NO MATCH FOR NBFIX
      ******************************************
      BOMLEV ( -1) IS NOT REACHED. WRNLEV IS  5

 PARRDR> WARNING: ATOMS IN NBFIX NN3G BRGR   -0.22000   3.61000 DONT EXIST

      ***** LEVEL  0 WARNING FROM <PARRDR> *****
      ***** NO MATCH FOR NBFIX
      ******************************************
      BOMLEV ( -1) IS NOT REACHED. WRNLEV IS  5

 PARRDR> WARNING: ATOMS IN NBFIX NN4  BRGR   -0.22000   3.61000 DONT EXIST

      ***** LEVEL  0 WARNING FROM <PARRDR> *****
      ***** NO MATCH FOR NBFIX
      ******************************************
      BOMLEV ( -1) IS NOT REACHED. WRNLEV IS  5

 PARRDR> WARNING: ATOMS IN NBFIX ON1  BRGR   -0.27000   3.52000 DONT EXIST

      ***** LEVEL  0 WARNING FROM <PARRDR> *****
      ***** NO MATCH FOR NBFIX
      ******************************************
      BOMLEV ( -1) IS NOT REACHED. WRNLEV IS  5

 PARRDR> WARNING: ATOMS IN NBFIX ON1C BRGR   -0.27000   3.52000 DONT EXIST
 PARMIO> NONBOND, HBOND lists and IMAGE atoms cleared.
 VCLOSE: Closing unit   90 with status "KEEP"
  
 CHARMM>     
  
 CHARMM>    stream toppar_water_ions.str
 VOPEN> Attempting to open::toppar_water_ions.str::
 OPNLGU> Unit 99 opened for READONLY access to toppar_water_ions.str

                    INPUT STREAM SWITCHING TO UNIT    99
 RDTITL> * TOPLOGY AND PARAMETER INFORMATION FOR WATER AND IONS.
 RDTITL> *
 Parameter: IN1 <- "" <empty>
  
 CHARMM>     
  
 CHARMM>    !Testcase
 CHARMM>    !test_water_ions.inp
 CHARMM>     
  
 CHARMM>    ! IMPORTANT NOTE: this file contains NBFixes between carboxylates and sodium,
 CHARMM>    ! which will only apply if the main files containing carboxylate atom types
 CHARMM>    ! have been read in first!
 CHARMM>     
  
 CHARMM>    !references
 CHARMM>    !
 CHARMM>    !TIP3P water model
 CHARMM>    !
 CHARMM>    !W.L. Jorgensen; J.Chandrasekhar; J.D. Madura; R.W. Impey;
 CHARMM>    !M.L. Klein; "Comparison of simple potential functions for
 CHARMM>    !simulating liquid water", J. Chem. Phys. 79 926-935 (1983).
 CHARMM>    !
 CHARMM>    !IONS
 CHARMM>    !
 CHARMM>    !Ions from Roux and coworkers
 CHARMM>    !
 CHARMM>    !Beglov, D. and Roux, B., Finite Representation of an Infinite
 CHARMM>    !Bulk System: Solvent Boundary Potential for Computer Simulations,
 CHARMM>    !Journal of Chemical Physics, 1994, 100: 9050-9063
 CHARMM>    !
 CHARMM>    !ZINC
 CHARMM>    !
 CHARMM>    !Stote, R.H. and Karplus, M. Zinc Binding in Proteins and
 CHARMM>    !Solution: A Simple but Accurate Nonbonded Representation, PROTEINS:
 CHARMM>    !Structure, Function, and Genetics 23:12-31 (1995)
 CHARMM>     
  
 CHARMM>    !test "append" to determine if previous toppar files have been read and
 CHARMM>    !add append to "read rtf card" if true
 CHARMM>    set nat ?NATC
 RDCMND substituted energy or value "?NATC" to "161"
 Parameter: NAT <- "161"
  
 CHARMM>    set app
 Parameter: APP <- "" <empty>
  
 CHARMM>    !We're exploiting what is arguably a bug in the parser. On the left hand side,
 CHARMM>    !the quotes have priority, so NAT is correctly substituted. On the right hand
 CHARMM>    !side, the ? has priority and NATC" (sic) is not a valid substitution...
 CHARMM>    if "@NAT" ne "?NATC" if @nat ne 0 set app append
 Parameter: NAT -> "161"
 Parameter: NAT -> "161"
 RDCMND: can not substitute energy "?NATC""
 Comparing ""161"" and ""?NATC"".
 IF test evaluated as true.  Performing command
 Comparing "161" and "0".
 IF test evaluated as true.  Performing command
 Parameter: APP <- "APPEND"
  
 CHARMM>     
  
 CHARMM>    read rtf card @app
 Parameter: APP -> "APPEND"
 MAINIO> Residue topology file being read from unit  99.
 RDTITL> * TOPOLOGY FOR WATER AND IONS
 RDTITL> *
  
 CHARMM>     
  
 CHARMM>    read para card flex @app
 Parameter: APP -> "APPEND"

          PARAMETER FILE BEING READ FROM UNIT 99
 RDTITL> * PARAMETERS FOR WATER AND IONS
 RDTITL> *
 PARMIO> NONBOND, HBOND lists and IMAGE atoms cleared.
  
 CHARMM>     
  
 CHARMM>    ! The following section contains NBFixes for sodium interacting with
 CHARMM>    ! carboxylate oxygens of various CHARMM force fields. It will generate
 CHARMM>    ! level -1 warnings whenever any of these force fields have not been
 CHARMM>    ! read prior to the current stream file. Since we don't want to force
 CHARMM>    ! the user to always read all the force fields, we're suppressing the
 CHARMM>    ! warnings. The only side effect is that you will have "most severe
 CHARMM>    ! warning was at level 0" at the end of your output. Also note that
 CHARMM>    ! the user is responsible for reading the current file last if they
 CHARMM>    ! want the NBFixes to apply. A more elegant solution would require new
 CHARMM>    ! features to be added to CHARMM.
 CHARMM>    ! parallel fix, to avoid duplicated messages in the log
 CHARMM>    set para
 Parameter: PARA <- "" <empty>
  
 CHARMM>    if ?NUMNODE gt 1 set para node 0
 RDCMND substituted energy or value "?NUMNODE" to "1"
 Comparing "1" and "1".
 IF test evaluated as false.  Skipping command
  
 CHARMM>     
  
 CHARMM>    set wrn ?WRNLEV
 RDCMND substituted energy or value "?WRNLEV" to "5"
 Parameter: WRN <- "5"
  
 CHARMM>    ! Some versions of CHARMM don't seem to initialize wrnlev...
 CHARMM>    if "@WRN" eq "?WRNLEV" set wrn 5
 Parameter: WRN -> "5"
 RDCMND: can not substitute energy "?WRNLEV""
 Comparing ""5"" and ""?WRNLEV"".
 IF test evaluated as false.  Skipping command
  
 CHARMM>    set bom ?bomlev
 RDCMND substituted energy or value "?BOMLEV" to "-1"
 Parameter: BOM <- "-1"
  
 CHARMM>    WRNLEV -1 @PARA
 Parameter: PARA -> "" <empty>
  
 CHARMM>    BOMLEV -1 @PARA
 Parameter: PARA -> "" <empty>
  
 CHARMM>    read para card flex append

          PARAMETER FILE BEING READ FROM UNIT 99
 RDTITL> * NBFIX BETWEEN CARBOXYLATE AND SODIUM
 RDTITL> *
 PARMIO> NONBOND, HBOND lists and IMAGE atoms cleared.
  
 CHARMM>    BOMLEV @bom @PARA
 Parameter: BOM -> "-1"
 Parameter: PARA -> "" <empty>
  
 CHARMM>    WRNLEV @wrn @PARA
 Parameter: WRN -> "5"
 Parameter: PARA -> "" <empty>
  
 CHARMM>     
  
 CHARMM>    return
 VCLOSE: Closing unit   99 with status "KEEP"

                    RETURNING TO INPUT STREAM     5
  
 CHARMM>     
  
 CHARMM>    stream mp0.str
 VOPEN> Attempting to open::mp0.str::
 OPNLGU> Unit 99 opened for READONLY access to mp0.str

                    INPUT STREAM SWITCHING TO UNIT    99
 RDTITL> * TOPPAR STREAM FILE GENERATED BY
 RDTITL> * CHARMM GENERAL FORCE FIELD (CGENFF) PROGRAM VERSION 2.5
 RDTITL> * FOR USE WITH CGENFF VERSION 4.6
 RDTITL> *
 Parameter: IN1 <- "" <empty>
  
 CHARMM>     
  
 CHARMM>    read rtf card append
 MAINIO> Residue topology file being read from unit  99.
 RDTITL> * TOPOLOGIES GENERATED BY
 RDTITL> * CHARMM GENERAL FORCE FIELD (CGENFF) PROGRAM VERSION 2.5
 RDTITL> *
  
 CHARMM>     
  
 CHARMM>    read param card flex append

          PARAMETER FILE BEING READ FROM UNIT 99
 RDTITL> * PARAMETERS GENERATED BY ANALOGY BY
 RDTITL> * CHARMM GENERAL FORCE FIELD (CGENFF) PROGRAM VERSION 2.5
 RDTITL> *
 PARRDR> Error: Repeated BOND parameter (   435): CG33  OG30 is replaced
 PARRDR> Error: Repeated BOND parameter (   444): CG33  HGA3 is replaced
 PARRDR> Error: Repeated BOND parameter (   558): OG2P  PG0  is replaced
 PARRDR> Error: Repeated BOND parameter (   566): OG30  PG0  is replaced
 PARRDR> Error: Repeated BOND parameter (   574): OG31  PG0  is replaced
 PARRDR> Error: Repeated BOND parameter (   577): OG31  HGP1 is replaced
 PARRDR> Error: Repeated ANGLE parameter (  1192): OG30  CG33  HGA3 is replaced
 PARRDR> Error: Repeated ANGLE parameter (  1201): HGA3  CG33  HGA3 is replaced
 PARRDR> Error: Repeated ANGLE parameter (  1828): CG33  OG30  PG0  is replaced
 PARRDR> Error: Repeated ANGLE parameter (  1849): PG0   OG31  HGP1 is replaced
 PARRDR> Error: Repeated ANGLE parameter (  1874): OG2P  PG0   OG30 is replaced
 PARRDR> Error: Repeated ANGLE parameter (  1876): OG2P  PG0   OG31 is replaced
 PARRDR> Error: Repeated ANGLE parameter (  1880): OG30  PG0   OG31 is replaced
 PARRDR> Error: Repeated ANGLE parameter (  1887): OG31  PG0   OG31 is replaced
 PARRDR> Error: Repeated DIHE parameter (  4345): HGA3  CG33  OG30  PG0  is replaced
 PARRDR> Error: Repeated DIHE parameter (  5289): CG33  OG30  PG0   OG2P is replaced
 PARRDR> Error: Repeated DIHE parameter (  5290): CG33  OG30  PG0   OG31 is replaced
 PARRDR> Error: Repeated DIHE parameter (  5291): CG33  OG30  PG0   OG31 is replaced
 PARRDR> Error: Repeated DIHE parameter (  5290): CG33  OG30  PG0   OG31 is replaced
 PARRDR> Error: Repeated DIHE parameter (  5291): CG33  OG30  PG0   OG31 is replaced
 PARRDR> Error: Repeated DIHE parameter (  5378): HGP1  OG31  PG0   OG2P is replaced
 PARRDR> Error: Repeated DIHE parameter (  5379): HGP1  OG31  PG0   OG30 is replaced
 PARRDR> Error: Repeated DIHE parameter (  5380): HGP1  OG31  PG0   OG30 is replaced
 PARRDR> Error: Repeated DIHE parameter (  5379): HGP1  OG31  PG0   OG30 is replaced
 PARRDR> Error: Repeated DIHE parameter (  5380): HGP1  OG31  PG0   OG30 is replaced
 PARRDR> Error: Repeated DIHE parameter (  5383): HGP1  OG31  PG0   OG31 is replaced
 PARMIO> NONBOND, HBOND lists and IMAGE atoms cleared.
  
 CHARMM>    RETURN
 VCLOSE: Closing unit   99 with status "KEEP"

                    RETURNING TO INPUT STREAM     5
  
 CHARMM>    !************************************************************
 CHARMM>    !
 CHARMM>    ! Read the PDB file (sequence first, then coordinates)
 CHARMM>    !
 CHARMM>    !************************************************************
 CHARMM>    OPEN UNIT 10 CARD READ NAME optpos_phos2.pdb
 VOPEN> Attempting to open::optpos_phos2.pdb::
 OPNLGU> Unit 10 opened for READONLY access to optpos_phos2.pdb
  
 CHARMM>    READ SEQU PDB UNIT 10
 MAINIO> Sequence information being read from unit  10.
 TITLE>  *

          RESIDUE SEQUENCE --   111 RESIDUES
          MP0 TIP3TIP3TIP3TIP3TIP3TIP3TIP3TIP3TIP3TIP3TIP3TIP3TIP3TIP3TIP3TIP3TIP3TIP3TIP3
          TIP3TIP3TIP3TIP3TIP3TIP3TIP3TIP3TIP3TIP3TIP3TIP3TIP3TIP3TIP3TIP3TIP3TIP3TIP3TIP3
          TIP3TIP3TIP3TIP3TIP3TIP3TIP3TIP3TIP3TIP3TIP3TIP3TIP3TIP3TIP3TIP3TIP3TIP3TIP3TIP3
          TIP3TIP3TIP3TIP3TIP3TIP3TIP3TIP3TIP3TIP3TIP3TIP3TIP3TIP3TIP3TIP3TIP3TIP3TIP3TIP3
          TIP3TIP3TIP3TIP3TIP3TIP3TIP3TIP3TIP3TIP3TIP3TIP3TIP3TIP3TIP3TIP3TIP3TIP3TIP3TIP3
          TIP3TIP3TIP3TIP3TIP3TIP3TIP3TIP3TIP3TIP3TIP3
  
 CHARMM>     
  
 CHARMM>    GENErate A SETUp
 NO PATCHING WILL BE DONE ON THE FIRST RESIDUE
 NO PATCHING WILL BE DONE ON THE LAST  RESIDUE
 GENPSF> Segment   1 has been generated. Its identifier is A.
 PSFSUM> PSF modified: NONBOND lists and IMAGE atoms cleared.
 PSFSUM> Summary of the structure file counters :
         Number of segments      =        1   Number of residues   =      111
         Number of atoms         =      341   Number of groups     =      111
         Number of bonds         =      340   Number of angles     =      235
         Number of dihedrals     =       12   Number of impropers  =        0
         Number of cross-terms   =        0
         Number of HB acceptors  =      110   Number of HB donors  =      220
         Number of NB exclusions =        0   Total charge =    0.00000
 QXFORM> Expanded format used.
         More than 4 character atom type used.
  
 CHARMM>     
  
 CHARMM>    REWind UNIT 10
                    REWINDING UNIT    10
  
 CHARMM>     
  
 CHARMM>    READ COOR PDB UNIT 10
  read CHARMM-pdb format
          SPATIAL COORDINATES BEING READ FROM UNIT 10
 TITLE>  *

 ** WARNING ** For atom in coordinate file, the residue type does not match that (RESN) in the PSF:    2 PSF= TIP3 INPUT= MP0 

 ** WARNING ** For atom in coordinate file, the corresponding residue in the PSF lacks that atom:
 INDEX=    1 IRES=    2 RESID=3    RES=MP0  ATOM=C1  

 ** WARNING ** For atom in coordinate file, the residue type does not match that (RESN) in the PSF:    2 PSF= TIP3 INPUT= MP0 

 ** WARNING ** For atom in coordinate file, the corresponding residue in the PSF lacks that atom:
 INDEX=    2 IRES=    2 RESID=3    RES=MP0  ATOM=O1  

 ** WARNING ** For atom in coordinate file, the residue type does not match that (RESN) in the PSF:    2 PSF= TIP3 INPUT= MP0 

 ** WARNING ** For atom in coordinate file, the corresponding residue in the PSF lacks that atom:
 INDEX=    3 IRES=    2 RESID=3    RES=MP0  ATOM=P1  

 ** WARNING ** For atom in coordinate file, the residue type does not match that (RESN) in the PSF:    2 PSF= TIP3 INPUT= MP0 

 ** WARNING ** For atom in coordinate file, the corresponding residue in the PSF lacks that atom:
 INDEX=    4 IRES=    2 RESID=3    RES=MP0  ATOM=O2  

 ** WARNING ** For atom in coordinate file, the residue type does not match that (RESN) in the PSF:    2 PSF= TIP3 INPUT= MP0 

 ** WARNING ** For atom in coordinate file, the corresponding residue in the PSF lacks that atom:
 INDEX=    5 IRES=    2 RESID=3    RES=MP0  ATOM=O3  

 ** WARNING ** For atom in coordinate file, the corresponding residue in the PSF lacks that atom:
 INDEX=    6 IRES=    2 RESID=3    RES=MP0  ATOM=O4  

 ** WARNING ** For atom in coordinate file, the corresponding residue in the PSF lacks that atom:
 INDEX=    7 IRES=    2 RESID=3    RES=MP0  ATOM=H11 

 ** WARNING ** For atom in coordinate file, the corresponding residue in the PSF lacks that atom:
 INDEX=    8 IRES=    2 RESID=3    RES=MP0  ATOM=H12 

 ** WARNING ** For atom in coordinate file, the corresponding residue in the PSF lacks that atom:
 INDEX=    9 IRES=    2 RESID=3    RES=MP0  ATOM=H13 

 ** WARNING ** For atom in coordinate file, the corresponding residue in the PSF lacks that atom:
 INDEX=   11 IRES=    2 RESID=3    RES=MP0  ATOM=H3  

 ** WARNING ** For atom in coordinate file, the residue number is out of range, and is thus ignored:

  IRES=  112 RESNAME= TIP3 TYPE= OH2 
 *** LEVEL  1 WARNING *** BOMLEV IS   -1

 ** WARNING ** For atom in coordinate file, the residue number is out of range, and is thus ignored:

  IRES=  112 RESNAME= TIP3 TYPE= H1  
 *** LEVEL  1 WARNING *** BOMLEV IS   -1

 ** WARNING ** For atom in coordinate file, the residue number is out of range, and is thus ignored:

  IRES=  112 RESNAME= TIP3 TYPE= H2  
 *** LEVEL  1 WARNING *** BOMLEV IS   -1

 ** WARNING ** For atom in coordinate file, the residue number is out of range, and is thus ignored:

  IRES=  113 RESNAME= TIP3 TYPE= OH2 
 *** LEVEL  1 WARNING *** BOMLEV IS   -1
 ** WARNING ** After reading, there are no coordinates for selected atom:     1     1 MP0  C1  
 ** WARNING ** After reading, there are no coordinates for selected atom:     2     1 MP0  O1  
 ** WARNING ** After reading, there are no coordinates for selected atom:     3     1 MP0  P1  
 ** WARNING ** After reading, there are no coordinates for selected atom:     4     1 MP0  O2  
 ** WARNING ** After reading, there are no coordinates for selected atom:     5     1 MP0  O3  
 ** WARNING ** After reading, there are no coordinates for selected atom:     6     1 MP0  O4  
 ** WARNING ** After reading, there are no coordinates for selected atom:     7     1 MP0  H11 
 ** WARNING ** After reading, there are no coordinates for selected atom:     8     1 MP0  H12 
 ** WARNING ** After reading, there are no coordinates for selected atom:     9     1 MP0  H13 
 ** WARNING ** After reading, there are no coordinates for selected atom:    10     1 MP0  H2  

 ** A total of    19 selected atoms have no coordinates

 ** A total of   10 warnings were encountered during coordinate reading **

 ** MESSAGE **     9 atoms in coordinate file were outside the specified sequence range.
 *** LEVEL  2 WARNING *** BOMLEV IS   -1

 ** WARNING **    11 atoms in coordinates file had a sequence mismatch.
 *** LEVEL  0 WARNING *** BOMLEV IS   -1
  
 CHARMM>    CLOSE UNIT 10
 VCLOSE: Closing unit   10 with status "KEEP"
  
 CHARMM>     
  
 CHARMM>    !************************************************************
 CHARMM>    !
 CHARMM>    ! Insert missing coordinates and Hydorgens
 CHARMM>    !
 CHARMM>    !************************************************************
 CHARMM>    IC FILL

      ***** LEVEL  1 WARNING FROM <FILLIC> *****
      ***** FILLIC called with a null IC table
      ******************************************
      BOMLEV ( -1) IS NOT REACHED. WRNLEV IS  5

  
 CHARMM>    IC PARAmeters
  
 CHARMM>    IC BUILd

      ***** LEVEL  1 WARNING FROM <BILDC> *****
      ***** BILDC called with a null IC table
      ******************************************
      BOMLEV ( -1) IS NOT REACHED. WRNLEV IS  5


      $$$$$$  New timer profile Local node$$$$$

 Total time                      0.32 Other:            0.00

         $$$$$$  Average   profile $$$$$

 Total time                      0.32 Other:            0.00

                    NORMAL TERMINATION BY NORMAL STOP
                    MOST SEVERE WARNING WAS AT LEVEL  0

                    $$$$$ JOB ACCOUNTING INFORMATION $$$$$
                     ELAPSED TIME:     0.37  SECONDS 
                         CPU TIME:     0.32  SECONDS 
